<?xml version="1.0" encoding="UTF-8"?>
<coverage generated="1774324319836" clover="3.2.0">
  <project timestamp="1774324319836" name="All files">
    <metrics statements="12" coveredstatements="12" conditionals="8" coveredconditionals="7" methods="5" coveredmethods="5" elements="25" coveredelements="24" complexity="0" loc="12" ncloc="12" packages="1" files="1" classes="1"/>
    <file name="frontend_global_error.tsx" path="/home/phantom-call/stellar-raise-contracts/frontend/components/frontend_global_error.tsx">
      <metrics statements="12" coveredstatements="12" conditionals="8" coveredconditionals="7" methods="5" coveredmethods="5"/>
      <line num="1" count="1" type="stmt"/>
      <line num="36" count="1" type="stmt"/>
      <line num="38" count="8" type="stmt"/>
      <line num="39" count="7" type="stmt"/>
      <line num="48" count="6" type="stmt"/>
      <line num="59" count="3" type="stmt"/>
      <line num="63" count="14" type="cond" truecount="2" falsecount="0"/>
      <line num="64" count="6" type="cond" truecount="2" falsecount="0"/>
      <line num="65" count="2" type="stmt"/>
      <line num="68" count="4" type="stmt"/>
      <line num="81" count="1" type="stmt"/>
      <line num="90" count="8" type="stmt"/>
    </file>
  </project>
</coverage>
