<?xml version="1.0" encoding="UTF-8"?>
<coverage generated="1774278118758" clover="3.2.0">
  <project timestamp="1774278118759" name="All files">
    <metrics statements="59" coveredstatements="55" conditionals="23" coveredconditionals="16" methods="15" coveredmethods="14" elements="97" coveredelements="85" complexity="0" loc="59" ncloc="59" packages="1" files="1" classes="1"/>
    <file name="css_variables_usage.tsx" path="/home/phantom-call/Crowd-fundingDAPP/Crowdfund-stellar-raise-contracts/frontend/utils/css_variables_usage.tsx">
      <metrics statements="59" coveredstatements="55" conditionals="23" coveredconditionals="16" methods="15" coveredmethods="14"/>
      <line num="20" count="1" type="stmt"/>
      <line num="118" count="1" type="stmt"/>
      <line num="124" count="1" type="stmt"/>
      <line num="135" count="1" type="stmt"/>
      <line num="137" count="31" type="stmt"/>
      <line num="138" count="31" type="stmt"/>
      <line num="146" count="1" type="stmt"/>
      <line num="155" count="44" type="cond" truecount="2" falsecount="0"/>
      <line num="156" count="7" type="stmt"/>
      <line num="162" count="37" type="cond" truecount="2" falsecount="0"/>
      <line num="163" count="10" type="stmt"/>
      <line num="168" count="27" type="stmt"/>
      <line num="178" count="25" type="cond" truecount="2" falsecount="0"/>
      <line num="179" count="14" type="stmt"/>
      <line num="183" count="11" type="stmt"/>
      <line num="191" count="2" type="stmt"/>
      <line num="199" count="1" type="stmt"/>
      <line num="207" count="24" type="cond" truecount="1" falsecount="1"/>
      <line num="219" count="11" type="stmt"/>
      <line num="222" count="11" type="stmt"/>
      <line num="225" count="7" type="stmt"/>
      <line num="226" count="7" type="stmt"/>
      <line num="229" count="7" type="cond" truecount="1" falsecount="2"/>
      <line num="240" count="10" type="stmt"/>
      <line num="243" count="10" type="stmt"/>
      <line num="246" count="8" type="stmt"/>
      <line num="249" count="5" type="stmt"/>
      <line num="259" count="2" type="stmt"/>
      <line num="262" count="2" type="stmt"/>
      <line num="265" count="1" type="stmt"/>
      <line num="276" count="2" type="stmt"/>
      <line num="278" count="2" type="stmt"/>
      <line num="279" count="3" type="stmt"/>
      <line num="280" count="3" type="stmt"/>
      <line num="281" count="3" type="stmt"/>
      <line num="284" count="2" type="stmt"/>
      <line num="293" count="5" type="stmt"/>
      <line num="294" count="6" type="cond" truecount="2" falsecount="0"/>
      <line num="295" count="5" type="stmt"/>
      <line num="307" count="3" type="stmt"/>
      <line num="308" count="3" type="stmt"/>
      <line num="309" count="1" type="stmt"/>
      <line num="319" count="29" type="stmt"/>
      <line num="320" count="29" type="cond" truecount="2" falsecount="0"/>
      <line num="335" count="1" type="stmt"/>
      <line num="336" count="0" type="cond" truecount="0" falsecount="2"/>
      <line num="337" count="0" type="cond" truecount="0" falsecount="2"/>
      <line num="340" count="0" type="stmt"/>
      <line num="341" count="0" type="stmt"/>
      <line num="354" count="1" type="stmt"/>
      <line num="356" count="5" type="cond" truecount="2" falsecount="0"/>
      <line num="360" count="5" type="stmt"/>
      <line num="362" count="4" type="cond" truecount="2" falsecount="0"/>
      <line num="363" count="1" type="stmt"/>
      <line num="365" count="3" type="stmt"/>
      <line num="373" count="1" type="stmt"/>
      <line num="375" count="3" type="stmt"/>
      <line num="376" count="2" type="stmt"/>
      <line num="380" count="1" type="stmt"/>
    </file>
  </project>
</coverage>
