{"/home/phantom-call/stellar-raise-contracts/frontend/components/frontend_global_error.tsx": {"path":"/home/phantom-call/stellar-raise-contracts/frontend/components/frontend_global_error.tsx","statementMap":{"0":{"start":{"line":1,"column":0},"end":{"line":1,"column":63}},"1":{"start":{"line":38,"column":4},"end":{"line":38,"column":17}},"2":{"start":{"line":39,"column":4},"end":{"line":39,"column":50}},"3":{"start":{"line":48,"column":4},"end":{"line":48,"column":37}},"4":{"start":{"line":59,"column":4},"end":{"line":59,"column":85}},"5":{"start":{"line":63,"column":4},"end":{"line":88,"column":5}},"6":{"start":{"line":64,"column":6},"end":{"line":66,"column":7}},"7":{"start":{"line":65,"column":8},"end":{"line":65,"column":35}},"8":{"start":{"line":68,"column":6},"end":{"line":87,"column":8}},"9":{"start":{"line":81,"column":27},"end":{"line":81,"column":74}},"10":{"start":{"line":90,"column":4},"end":{"line":90,"column":31}},"11":{"start":{"line":36,"column":0},"end":{"line":36,"column":13}}},"fnMap":{"0":{"name":"(anonymous_0)","decl":{"start":{"line":37,"column":2},"end":{"line":37,"column":14}},"loc":{"start":{"line":37,"column":26},"end":{"line":40,"column":3}}},"1":{"name":"(anonymous_1)","decl":{"start":{"line":47,"column":2},"end":{"line":47,"column":8}},"loc":{"start":{"line":47,"column":46},"end":{"line":49,"column":3}}},"2":{"name":"(anonymous_2)","decl":{"start":{"line":57,"column":2},"end":{"line":57,"column":19}},"loc":{"start":{"line":57,"column":54},"end":{"line":60,"column":3}}},"3":{"name":"(anonymous_3)","decl":{"start":{"line":62,"column":2},"end":{"line":62,"column":8}},"loc":{"start":{"line":62,"column":8},"end":{"line":91,"column":3}}},"4":{"name":"(anonymous_4)","decl":{"start":{"line":81,"column":21},"end":{"line":81,"column":24}},"loc":{"start":{"line":81,"column":27},"end":{"line":81,"column":74}}}},"branchMap":{"0":{"loc":{"start":{"line":63,"column":4},"end":{"line":88,"column":5}},"type":"if","locations":[{"start":{"line":63,"column":4},"end":{"line":88,"column":5}},{"start":{},"end":{}}]},"1":{"loc":{"start":{"line":64,"column":6},"end":{"line":66,"column":7}},"type":"if","locations":[{"start":{"line":64,"column":6},"end":{"line":66,"column":7}},{"start":{},"end":{}}]},"2":{"loc":{"start":{"line":78,"column":13},"end":{"line":78,"column":38}},"type":"cond-expr","locations":[{"start":{"line":78,"column":29},"end":{"line":78,"column":31}},{"start":{"line":78,"column":29},"end":{"line":78,"column":38}}]},"3":{"loc":{"start":{"line":78,"column":13},"end":{"line":78,"column":31}},"type":"binary-expr","locations":[{"start":{"line":78,"column":13},"end":{"line":78,"column":31}},{"start":{"line":78,"column":29},"end":{"line":78,"column":31}}]}},"s":{"0":1,"1":8,"2":7,"3":6,"4":3,"5":14,"6":6,"7":2,"8":4,"9":1,"10":8,"11":1},"f":{"0":8,"1":6,"2":3,"3":14,"4":1},"b":{"0":[6,8],"1":[2,4],"2":[0,4],"3":[4,4]}}
}
