{"/home/phantom-call/Crowd-fundingDAPP/Crowdfund-stellar-raise-contracts/frontend/utils/css_variables_usage.tsx": {"path":"/home/phantom-call/Crowd-fundingDAPP/Crowdfund-stellar-raise-contracts/frontend/utils/css_variables_usage.tsx","statementMap":{"0":{"start":{"line":335,"column":0},"end":{"line":335,"column":16}},"1":{"start":{"line":354,"column":0},"end":{"line":354,"column":16}},"2":{"start":{"line":373,"column":0},"end":{"line":373,"column":16}},"3":{"start":{"line":20,"column":13},"end":{"line":107,"column":11}},"4":{"start":{"line":118,"column":27},"end":{"line":118,"column":55}},"5":{"start":{"line":124,"column":30},"end":{"line":124,"column":94}},"6":{"start":{"line":137,"column":4},"end":{"line":137,"column":19}},"7":{"start":{"line":138,"column":4},"end":{"line":138,"column":36}},"8":{"start":{"line":135,"column":0},"end":{"line":135,"column":13}},"9":{"start":{"line":155,"column":4},"end":{"line":159,"column":5}},"10":{"start":{"line":156,"column":6},"end":{"line":158,"column":8}},"11":{"start":{"line":162,"column":4},"end":{"line":166,"column":5}},"12":{"start":{"line":163,"column":6},"end":{"line":165,"column":8}},"13":{"start":{"line":168,"column":4},"end":{"line":168,"column":16}},"14":{"start":{"line":178,"column":4},"end":{"line":182,"column":5}},"15":{"start":{"line":179,"column":6},"end":{"line":181,"column":8}},"16":{"start":{"line":183,"column":4},"end":{"line":183,"column":16}},"17":{"start":{"line":191,"column":4},"end":{"line":191,"column":33}},"18":{"start":{"line":146,"column":0},"end":{"line":146,"column":13}},"19":{"start":{"line":207,"column":4},"end":{"line":207,"column":55}},"20":{"start":{"line":219,"column":27},"end":{"line":219,"column":67}},"21":{"start":{"line":222,"column":4},"end":{"line":222,"column":61}},"22":{"start":{"line":225,"column":26},"end":{"line":225,"column":56}},"23":{"start":{"line":226,"column":18},"end":{"line":226,"column":71}},"24":{"start":{"line":229,"column":4},"end":{"line":229,"column":35}},"25":{"start":{"line":240,"column":27},"end":{"line":240,"column":67}},"26":{"start":{"line":243,"column":4},"end":{"line":243,"column":61}},"27":{"start":{"line":246,"column":4},"end":{"line":246,"column":45}},"28":{"start":{"line":249,"column":4},"end":{"line":249,"column":58}},"29":{"start":{"line":259,"column":27},"end":{"line":259,"column":67}},"30":{"start":{"line":262,"column":4},"end":{"line":262,"column":61}},"31":{"start":{"line":265,"column":4},"end":{"line":265,"column":54}},"32":{"start":{"line":276,"column":36},"end":{"line":276,"column":38}},"33":{"start":{"line":278,"column":4},"end":{"line":282,"column":5}},"34":{"start":{"line":279,"column":29},"end":{"line":279,"column":61}},"35":{"start":{"line":280,"column":6},"end":{"line":280,"column":63}},"36":{"start":{"line":281,"column":6},"end":{"line":281,"column":78}},"37":{"start":{"line":284,"column":4},"end":{"line":284,"column":18}},"38":{"start":{"line":293,"column":4},"end":{"line":297,"column":5}},"39":{"start":{"line":294,"column":6},"end":{"line":296,"column":7}},"40":{"start":{"line":295,"column":8},"end":{"line":295,"column":30}},"41":{"start":{"line":307,"column":27},"end":{"line":307,"column":67}},"42":{"start":{"line":308,"column":4},"end":{"line":308,"column":61}},"43":{"start":{"line":309,"column":4},"end":{"line":309,"column":43}},"44":{"start":{"line":319,"column":20},"end":{"line":319,"column":39}},"45":{"start":{"line":320,"column":4},"end":{"line":320,"column":63}},"46":{"start":{"line":199,"column":0},"end":{"line":199,"column":13}},"47":{"start":{"line":336,"column":2},"end":{"line":338,"column":3}},"48":{"start":{"line":337,"column":4},"end":{"line":337,"column":26}},"49":{"start":{"line":340,"column":18},"end":{"line":340,"column":41}},"50":{"start":{"line":341,"column":2},"end":{"line":341,"column":45}},"51":{"start":{"line":356,"column":25},"end":{"line":358,"column":32}},"52":{"start":{"line":360,"column":2},"end":{"line":360,"column":59}},"53":{"start":{"line":362,"column":2},"end":{"line":364,"column":3}},"54":{"start":{"line":363,"column":4},"end":{"line":363,"column":49}},"55":{"start":{"line":365,"column":2},"end":{"line":365,"column":34}},"56":{"start":{"line":375,"column":2},"end":{"line":375,"column":48}},"57":{"start":{"line":376,"column":2},"end":{"line":376,"column":31}},"58":{"start":{"line":380,"column":0},"end":{"line":380,"column":33}}},"fnMap":{"0":{"name":"(anonymous_0)","decl":{"start":{"line":136,"column":2},"end":{"line":136,"column":14}},"loc":{"start":{"line":136,"column":29},"end":{"line":139,"column":3}}},"1":{"name":"(anonymous_1)","decl":{"start":{"line":153,"column":2},"end":{"line":153,"column":8}},"loc":{"start":{"line":153,"column":49},"end":{"line":169,"column":3}}},"2":{"name":"(anonymous_2)","decl":{"start":{"line":177,"column":2},"end":{"line":177,"column":8}},"loc":{"start":{"line":177,"column":35},"end":{"line":184,"column":3}}},"3":{"name":"(anonymous_3)","decl":{"start":{"line":190,"column":2},"end":{"line":190,"column":8}},"loc":{"start":{"line":190,"column":28},"end":{"line":192,"column":3}}},"4":{"name":"(anonymous_4)","decl":{"start":{"line":206,"column":2},"end":{"line":206,"column":14}},"loc":{"start":{"line":206,"column":35},"end":{"line":208,"column":3}}},"5":{"name":"(anonymous_5)","decl":{"start":{"line":217,"column":2},"end":{"line":217,"column":5}},"loc":{"start":{"line":217,"column":45},"end":{"line":230,"column":3}}},"6":{"name":"(anonymous_6)","decl":{"start":{"line":238,"column":2},"end":{"line":238,"column":5}},"loc":{"start":{"line":238,"column":41},"end":{"line":250,"column":3}}},"7":{"name":"(anonymous_7)","decl":{"start":{"line":257,"column":2},"end":{"line":257,"column":8}},"loc":{"start":{"line":257,"column":29},"end":{"line":266,"column":3}}},"8":{"name":"(anonymous_8)","decl":{"start":{"line":275,"column":2},"end":{"line":275,"column":13}},"loc":{"start":{"line":275,"column":56},"end":{"line":285,"column":3}}},"9":{"name":"(anonymous_9)","decl":{"start":{"line":292,"column":2},"end":{"line":292,"column":13}},"loc":{"start":{"line":292,"column":40},"end":{"line":298,"column":3}}},"10":{"name":"(anonymous_10)","decl":{"start":{"line":306,"column":2},"end":{"line":306,"column":5}},"loc":{"start":{"line":306,"column":26},"end":{"line":310,"column":3}}},"11":{"name":"(anonymous_11)","decl":{"start":{"line":318,"column":10},"end":{"line":318,"column":31}},"loc":{"start":{"line":318,"column":52},"end":{"line":321,"column":3}}},"12":{"name":"useCssVariable","decl":{"start":{"line":335,"column":16},"end":{"line":335,"column":30}},"loc":{"start":{"line":335,"column":70},"end":{"line":342,"column":1}}},"13":{"name":"cssVar","decl":{"start":{"line":354,"column":16},"end":{"line":354,"column":22}},"loc":{"start":{"line":354,"column":62},"end":{"line":366,"column":1}}},"14":{"name":"cssCalc","decl":{"start":{"line":373,"column":16},"end":{"line":373,"column":23}},"loc":{"start":{"line":373,"column":42},"end":{"line":377,"column":1}}}},"branchMap":{"0":{"loc":{"start":{"line":155,"column":4},"end":{"line":159,"column":5}},"type":"if","locations":[{"start":{"line":155,"column":4},"end":{"line":159,"column":5}},{"start":{},"end":{}}]},"1":{"loc":{"start":{"line":162,"column":4},"end":{"line":166,"column":5}},"type":"if","locations":[{"start":{"line":162,"column":4},"end":{"line":166,"column":5}},{"start":{},"end":{}}]},"2":{"loc":{"start":{"line":178,"column":4},"end":{"line":182,"column":5}},"type":"if","locations":[{"start":{"line":178,"column":4},"end":{"line":182,"column":5}},{"start":{},"end":{}}]},"3":{"loc":{"start":{"line":207,"column":19},"end":{"line":207,"column":54}},"type":"binary-expr","locations":[{"start":{"line":207,"column":19},"end":{"line":207,"column":26}},{"start":{"line":207,"column":30},"end":{"line":207,"column":54}}]},"4":{"loc":{"start":{"line":229,"column":11},"end":{"line":229,"column":34}},"type":"binary-expr","locations":[{"start":{"line":229,"column":11},"end":{"line":229,"column":16}},{"start":{"line":229,"column":20},"end":{"line":229,"column":28}},{"start":{"line":229,"column":32},"end":{"line":229,"column":34}}]},"5":{"loc":{"start":{"line":294,"column":6},"end":{"line":296,"column":7}},"type":"if","locations":[{"start":{"line":294,"column":6},"end":{"line":296,"column":7}},{"start":{},"end":{}}]},"6":{"loc":{"start":{"line":320,"column":11},"end":{"line":320,"column":62}},"type":"cond-expr","locations":[{"start":{"line":320,"column":38},"end":{"line":320,"column":45}},{"start":{"line":320,"column":48},"end":{"line":320,"column":62}}]},"7":{"loc":{"start":{"line":336,"column":2},"end":{"line":338,"column":3}},"type":"if","locations":[{"start":{"line":336,"column":2},"end":{"line":338,"column":3}},{"start":{},"end":{}}]},"8":{"loc":{"start":{"line":337,"column":11},"end":{"line":337,"column":25}},"type":"binary-expr","locations":[{"start":{"line":337,"column":11},"end":{"line":337,"column":19}},{"start":{"line":337,"column":23},"end":{"line":337,"column":25}}]},"9":{"loc":{"start":{"line":356,"column":25},"end":{"line":358,"column":32}},"type":"cond-expr","locations":[{"start":{"line":357,"column":6},"end":{"line":357,"column":25}},{"start":{"line":358,"column":6},"end":{"line":358,"column":32}}]},"10":{"loc":{"start":{"line":362,"column":2},"end":{"line":364,"column":3}},"type":"if","locations":[{"start":{"line":362,"column":2},"end":{"line":364,"column":3}},{"start":{},"end":{}}]}},"s":{"0":1,"1":1,"2":1,"3":1,"4":1,"5":1,"6":31,"7":31,"8":1,"9":44,"10":7,"11":37,"12":10,"13":27,"14":25,"15":14,"16":11,"17":2,"18":1,"19":24,"20":11,"21":11,"22":7,"23":7,"24":7,"25":10,"26":10,"27":8,"28":5,"29":2,"30":2,"31":1,"32":2,"33":2,"34":3,"35":3,"36":3,"37":2,"38":5,"39":6,"40":5,"41":3,"42":3,"43":1,"44":29,"45":29,"46":1,"47":0,"48":0,"49":0,"50":0,"51":5,"52":5,"53":4,"54":1,"55":3,"56":3,"57":2,"58":1},"f":{"0":31,"1":44,"2":25,"3":2,"4":24,"5":11,"6":10,"7":2,"8":2,"9":5,"10":3,"11":29,"12":0,"13":5,"14":3},"b":{"0":[7,37],"1":[10,27],"2":[14,11],"3":[24,0],"4":[7,0,0],"5":[5,1],"6":[26,3],"7":[0,0],"8":[0,0],"9":[2,3],"10":[1,3]}}
}
