TN:
SF:frontend/utils/css_variables_usage.tsx
FN:136,(anonymous_0)
FN:153,(anonymous_1)
FN:177,(anonymous_2)
FN:190,(anonymous_3)
FN:206,(anonymous_4)
FN:217,(anonymous_5)
FN:238,(anonymous_6)
FN:257,(anonymous_7)
FN:275,(anonymous_8)
FN:292,(anonymous_9)
FN:306,(anonymous_10)
FN:318,(anonymous_11)
FN:335,useCssVariable
FN:354,cssVar
FN:373,cssCalc
FNF:15
FNH:14
FNDA:31,(anonymous_0)
FNDA:44,(anonymous_1)
FNDA:25,(anonymous_2)
FNDA:2,(anonymous_3)
FNDA:24,(anonymous_4)
FNDA:11,(anonymous_5)
FNDA:10,(anonymous_6)
FNDA:2,(anonymous_7)
FNDA:2,(anonymous_8)
FNDA:5,(anonymous_9)
FNDA:3,(anonymous_10)
FNDA:29,(anonymous_11)
FNDA:0,useCssVariable
FNDA:5,cssVar
FNDA:3,cssCalc
DA:20,1
DA:118,1
DA:124,1
DA:135,1
DA:137,31
DA:138,31
DA:146,1
DA:155,44
DA:156,7
DA:162,37
DA:163,10
DA:168,27
DA:178,25
DA:179,14
DA:183,11
DA:191,2
DA:199,1
DA:207,24
DA:219,11
DA:222,11
DA:225,7
DA:226,7
DA:229,7
DA:240,10
DA:243,10
DA:246,8
DA:249,5
DA:259,2
DA:262,2
DA:265,1
DA:276,2
DA:278,2
DA:279,3
DA:280,3
DA:281,3
DA:284,2
DA:293,5
DA:294,6
DA:295,5
DA:307,3
DA:308,3
DA:309,1
DA:319,29
DA:320,29
DA:335,1
DA:336,0
DA:337,0
DA:340,0
DA:341,0
DA:354,1
DA:356,5
DA:360,5
DA:362,4
DA:363,1
DA:365,3
DA:373,1
DA:375,3
DA:376,2
DA:380,1
LF:59
LH:55
BRDA:155,0,0,7
BRDA:155,0,1,37
BRDA:162,1,0,10
BRDA:162,1,1,27
BRDA:178,2,0,14
BRDA:178,2,1,11
BRDA:207,3,0,24
BRDA:207,3,1,0
BRDA:229,4,0,7
BRDA:229,4,1,0
BRDA:229,4,2,0
BRDA:294,5,0,5
BRDA:294,5,1,1
BRDA:320,6,0,26
BRDA:320,6,1,3
BRDA:336,7,0,0
BRDA:336,7,1,0
BRDA:337,8,0,0
BRDA:337,8,1,0
BRDA:356,9,0,2
BRDA:356,9,1,3
BRDA:362,10,0,1
BRDA:362,10,1,3
BRF:23
BRH:16
end_of_record
