TN:
SF:frontend/components/frontend_global_error.tsx
FN:37,(anonymous_0)
FN:47,(anonymous_1)
FN:57,(anonymous_2)
FN:62,(anonymous_3)
FN:81,(anonymous_4)
FNF:5
FNH:5
FNDA:8,(anonymous_0)
FNDA:6,(anonymous_1)
FNDA:3,(anonymous_2)
FNDA:14,(anonymous_3)
FNDA:1,(anonymous_4)
DA:1,1
DA:36,1
DA:38,8
DA:39,7
DA:48,6
DA:59,3
DA:63,14
DA:64,6
DA:65,2
DA:68,4
DA:81,1
DA:90,8
LF:12
LH:12
BRDA:63,0,0,6
BRDA:63,0,1,8
BRDA:64,1,0,2
BRDA:64,1,1,4
BRDA:78,2,0,0
BRDA:78,2,1,4
BRDA:78,3,0,4
BRDA:78,3,1,4
BRF:8
BRH:7
end_of_record
